SF:lib\domain\entities\series.dart
DA:4,9
DA:18,2
DA:44,7
DA:45,7
DA:46,7
DA:47,7
DA:48,7
DA:49,7
DA:50,7
DA:51,7
DA:52,7
DA:53,7
DA:54,7
DA:55,7
DA:56,7
LF:15
LH:15
end_of_record
SF:lib\domain\usecases\get_now_playing_series.dart
DA:9,1
DA:11,1
DA:12,2
LF:3
LH:3
end_of_record
SF:lib\domain\usecases\get_popular_series.dart
DA:9,1
DA:11,1
DA:12,2
LF:3
LH:3
end_of_record
SF:lib\domain\usecases\get_top_rated_series.dart
DA:10,1
DA:12,1
DA:13,2
LF:3
LH:3
end_of_record
SF:lib\presentation\bloc\home_series\home_series_state.dart
DA:4,2
DA:20,1
DA:22,1
DA:23,2
DA:29,1
DA:31,1
DA:32,2
DA:38,1
DA:40,1
DA:41,2
DA:47,2
DA:49,1
DA:50,2
LF:13
LH:13
end_of_record
SF:lib\presentation\bloc\home_series\home_series_event.dart
DA:4,1
LF:1
LH:1
end_of_record
SF:lib\presentation\bloc\home_series\home_series_bloc.dart
DA:17,1
DA:21,2
DA:22,2
DA:23,2
DA:24,2
DA:27,1
DA:32,2
DA:34,2
DA:36,1
DA:37,1
DA:38,3
DA:40,1
DA:41,2
DA:45,3
DA:49,1
DA:51,2
DA:53,2
DA:55,1
DA:56,1
DA:57,3
DA:59,1
DA:60,2
DA:64,3
DA:68,1
DA:73,2
DA:75,2
DA:77,1
DA:78,1
DA:79,3
DA:81,1
DA:82,2
DA:86,3
LF:32
LH:32
end_of_record
SF:lib\domain\entities\season.dart
DA:13,12
DA:24,2
DA:25,2
DA:26,2
DA:27,2
DA:28,2
DA:29,2
DA:30,2
DA:31,2
DA:32,2
DA:33,2
LF:11
LH:11
end_of_record
SF:lib\domain\entities\series_detail.dart
DA:7,7
DA:35,2
DA:36,2
DA:37,2
DA:38,2
DA:39,2
DA:40,2
DA:41,2
DA:42,2
DA:43,2
DA:44,2
DA:45,2
DA:46,2
DA:47,2
LF:14
LH:14
end_of_record
SF:lib\presentation\bloc\popular_series\popular_series_bloc.dart
DA:13,1
DA:14,2
DA:15,2
DA:18,1
DA:20,2
DA:22,2
DA:24,1
DA:25,1
DA:26,3
DA:28,1
DA:29,2
DA:33,0
LF:12
LH:11
end_of_record
SF:lib\presentation\bloc\popular_series\popular_series_state.dart
DA:4,1
DA:20,1
DA:22,1
DA:23,2
DA:29,1
DA:31,1
DA:32,2
LF:7
LH:7
end_of_record
SF:lib\presentation\bloc\popular_series\popular_series_event.dart
DA:4,1
DA:6,0
DA:7,0
LF:3
LH:1
end_of_record
SF:lib\domain\usecases\search_series.dart
DA:9,1
DA:11,1
DA:12,2
LF:3
LH:3
end_of_record
SF:lib\presentation\bloc\search_series\search_series_state.dart
DA:4,2
DA:6,1
DA:7,1
DA:17,1
DA:19,1
DA:20,2
DA:26,2
DA:28,1
DA:29,2
LF:9
LH:9
end_of_record
SF:lib\presentation\bloc\search_series\search_series_event.dart
DA:4,1
DA:16,1
DA:18,0
DA:19,0
LF:4
LH:2
end_of_record
SF:lib\presentation\bloc\search_series\search_series_bloc.dart
DA:13,1
DA:14,2
DA:15,2
DA:18,1
DA:20,2
DA:22,3
DA:24,1
DA:25,1
DA:26,3
DA:28,1
DA:29,2
DA:33,0
LF:12
LH:11
end_of_record
SF:lib\domain\usecases\get_series_detail.dart
DA:9,1
DA:11,1
DA:12,2
LF:3
LH:3
end_of_record
SF:lib\domain\usecases\get_series_recommendations.dart
DA:10,1
DA:12,1
DA:13,2
LF:3
LH:3
end_of_record
SF:lib\domain\usecases\get_watchlist_series_status.dart
DA:6,0
DA:8,0
DA:9,0
LF:3
LH:0
end_of_record
SF:lib\domain\usecases\remove_series_watchlist.dart
DA:10,1
DA:12,1
DA:13,2
LF:3
LH:3
end_of_record
SF:lib\domain\usecases\save_series_watchlist.dart
DA:9,1
DA:11,1
DA:12,2
LF:3
LH:3
end_of_record
SF:lib\presentation\bloc\series_detail\series_detail_event.dart
DA:4,2
DA:16,1
DA:18,0
DA:19,0
DA:25,1
DA:27,0
DA:28,0
DA:34,1
DA:36,0
DA:37,0
DA:43,1
DA:45,0
DA:46,0
LF:13
LH:5
end_of_record
SF:lib\presentation\bloc\series_detail\series_detail_state.dart
DA:4,2
DA:21,1
DA:26,1
DA:27,3
DA:33,0
DA:35,0
DA:36,0
DA:42,2
DA:44,1
DA:45,2
DA:51,2
DA:53,1
DA:54,2
DA:60,2
DA:62,1
DA:63,2
LF:16
LH:13
end_of_record
SF:lib\presentation\bloc\series_detail\series_detail_bloc.dart
DA:25,1
DA:31,2
DA:32,2
DA:33,2
DA:34,2
DA:35,2
DA:38,1
DA:39,2
DA:41,3
DA:42,2
DA:43,1
DA:46,1
DA:47,4
DA:48,1
DA:49,1
DA:50,4
DA:51,1
DA:52,1
DA:53,1
DA:63,3
DA:67,1
DA:72,2
DA:74,3
DA:76,2
DA:78,3
DA:82,1
DA:84,2
DA:86,3
DA:88,1
DA:89,1
DA:90,3
DA:92,1
DA:93,2
DA:94,2
DA:95,2
DA:97,2
DA:101,3
DA:105,1
DA:107,2
DA:109,3
DA:111,1
DA:112,1
DA:113,3
DA:115,1
DA:116,2
DA:117,2
DA:118,2
DA:120,2
DA:124,3
LF:49
LH:49
end_of_record
SF:lib\presentation\bloc\top_rated_series\top_rated_series_bloc.dart
DA:14,1
DA:15,2
DA:16,2
DA:19,1
DA:24,2
DA:26,2
DA:28,1
DA:29,1
DA:30,3
DA:32,1
DA:33,2
DA:37,0
LF:12
LH:11
end_of_record
SF:lib\presentation\bloc\top_rated_series\top_rated_series_state.dart
DA:4,1
DA:20,1
DA:22,1
DA:23,2
DA:29,1
DA:31,1
DA:32,2
LF:7
LH:7
end_of_record
SF:lib\presentation\bloc\top_rated_series\top_rated_series_event.dart
DA:4,1
LF:1
LH:1
end_of_record
SF:lib\data\datasources\series_local_data_source.dart
DA:16,1
DA:18,1
DA:21,2
DA:24,2
DA:28,1
DA:31,2
DA:34,2
DA:38,1
DA:40,2
DA:42,1
DA:48,1
DA:50,2
DA:51,4
LF:13
LH:13
end_of_record
SF:lib\data\models\series_table.dart
DA:11,4
DA:18,2
DA:19,1
DA:20,1
DA:21,1
DA:22,1
DA:25,4
DA:26,2
DA:27,2
DA:28,2
DA:29,2
DA:32,2
DA:33,1
DA:34,1
DA:35,1
DA:36,1
DA:39,2
DA:40,1
DA:41,1
DA:42,1
DA:43,1
DA:46,2
DA:47,10
LF:23
LH:23
end_of_record
SF:lib\data\datasources\series_remote_data_source.dart
DA:27,1
DA:29,1
DA:31,2
DA:32,1
DA:35,2
DA:36,4
DA:38,1
DA:42,1
DA:44,4
DA:46,2
DA:47,3
DA:49,1
DA:53,1
DA:55,2
DA:56,2
DA:59,2
DA:60,4
DA:62,1
DA:66,1
DA:68,2
DA:69,1
DA:72,2
DA:73,4
DA:75,1
DA:79,1
DA:81,2
DA:82,1
DA:85,2
DA:86,4
DA:88,1
DA:92,1
DA:94,2
DA:95,2
DA:98,2
DA:99,4
DA:101,1
LF:36
LH:36
end_of_record
SF:lib\data\models\series_detail_model.dart
DA:8,3
DA:48,2
DA:49,2
DA:50,2
DA:51,2
DA:52,2
DA:53,8
DA:55,2
DA:56,8
DA:58,2
DA:59,2
DA:60,2
DA:61,2
DA:62,2
DA:63,2
DA:64,4
DA:65,2
DA:66,2
DA:67,2
DA:68,2
DA:69,2
DA:70,4
DA:71,2
DA:74,2
DA:75,1
DA:76,1
DA:77,5
DA:78,5
DA:79,1
DA:80,1
DA:81,1
DA:82,1
DA:83,1
DA:84,1
DA:85,1
DA:86,1
DA:87,1
DA:88,1
DA:89,1
DA:90,1
DA:91,1
DA:92,1
DA:95,1
DA:96,1
DA:97,1
DA:98,1
DA:99,5
DA:100,5
DA:101,1
DA:102,1
DA:103,1
DA:104,1
DA:105,1
DA:106,1
DA:107,1
DA:108,1
DA:112,2
DA:113,2
DA:114,2
DA:115,2
DA:116,2
DA:117,2
DA:118,2
DA:119,2
DA:120,2
DA:121,2
DA:122,2
DA:123,2
DA:124,2
DA:125,2
DA:126,2
DA:127,2
DA:128,2
DA:129,2
DA:130,2
LF:75
LH:75
end_of_record
SF:lib\data\models\series_model.dart
DA:6,3
DA:32,4
DA:33,2
DA:34,8
DA:35,2
DA:36,2
DA:37,2
DA:38,4
DA:39,2
DA:40,2
DA:41,2
DA:42,4
DA:43,2
DA:46,2
DA:47,1
DA:48,4
DA:49,1
DA:50,1
DA:51,1
DA:52,1
DA:53,1
DA:54,1
DA:55,1
DA:56,1
DA:57,1
DA:60,1
DA:61,1
DA:62,1
DA:63,1
DA:64,1
DA:65,1
DA:66,1
DA:67,1
DA:68,1
DA:69,1
DA:70,1
DA:71,1
DA:72,1
DA:76,2
DA:77,2
DA:78,2
DA:79,2
DA:80,2
DA:81,2
DA:82,2
DA:83,2
DA:84,2
DA:85,2
DA:86,2
DA:87,2
DA:88,2
LF:51
LH:51
end_of_record
SF:lib\data\models\series_response.dart
DA:7,2
DA:9,4
DA:10,2
DA:11,8
DA:15,2
DA:16,5
DA:19,1
DA:20,2
LF:8
LH:8
end_of_record
SF:lib\data\models\season_model.dart
DA:15,5
DA:26,1
DA:27,1
DA:28,1
DA:29,1
DA:30,1
DA:31,1
DA:32,1
DA:33,1
DA:34,1
DA:35,1
DA:38,3
DA:39,3
DA:40,3
DA:41,3
DA:42,3
DA:43,3
DA:44,3
DA:45,3
DA:46,3
DA:47,6
DA:51,2
DA:52,2
DA:53,2
DA:54,2
DA:55,2
DA:56,2
DA:57,2
DA:58,2
DA:59,2
DA:60,2
DA:64,2
DA:65,2
DA:66,4
DA:67,4
DA:68,4
DA:69,4
DA:70,4
DA:71,4
DA:72,4
DA:73,4
LF:41
LH:41
end_of_record
SF:lib\domain\usecases\get_watchlist_series.dart
DA:9,1
DA:11,1
DA:12,2
LF:3
LH:3
end_of_record
